<?xml version="1.0" encoding="UTF-8"?>
<!-- Generated by org.testng.reporters.JUnitReportReporter -->
<testsuite hostname="DESKTOP-8QCJ8D8" failures="0" tests="1" name="webtests.PrintWebTest" time="18.426" errors="0" timestamp="2022-12-19T22:56:57 BDT" skipped="0">
  <testcase classname="webtests.PrintWebTest" name="webTest" time="18.426"/>
  <system-out/>
</testsuite> <!-- webtests.PrintWebTest -->
