<?xml version="1.0" encoding="UTF-8"?>
<!-- Generated by org.testng.reporters.JUnitReportReporter -->
<testsuite hostname="DESKTOP-8QCJ8D8" failures="0" tests="1" name="webtests.PrintLoginTest" time="7.483" errors="0" timestamp="2022-12-19T18:43:17 BDT" skipped="0">
  <testcase classname="webtests.PrintLoginTest" name="loginTest" time="7.483"/>
  <system-out/>
</testsuite> <!-- webtests.PrintLoginTest -->
