<?xml version="1.0" encoding="UTF-8"?>
<!-- Generated by org.testng.reporters.JUnitReportReporter -->
<testsuite hostname="DESKTOP-8QCJ8D8" failures="0" tests="1" name="webtests.PrintTest" time="30.034" errors="0" timestamp="2022-12-25T13:54:57 BDT" skipped="0">
  <testcase classname="webtests.PrintTest" name="webTest" time="30.034"/>
  <system-out/>
</testsuite> <!-- webtests.PrintTest -->
